<?xml version="1.0" encoding="UTF-8"?>
<!-- Generated by org.testng.reporters.JUnitReportReporter -->
<testsuite skipped="0" hostname="smily" name="a1_Suits.B_DashBoardE2E_Test" tests="2" failures="0" timestamp="05 Nov 2020 18:11:35 GMT" time="0.010" errors="0">
  <testcase name="verfyDashBoardDisplayed" time="0.006" classname="a1_Suits.B_DashBoardE2E_Test"/>
  <testcase name="verfyDashBoard" time="0.004" classname="a1_Suits.B_DashBoardE2E_Test"/>
</testsuite> <!-- a1_Suits.B_DashBoardE2E_Test -->
