<?xml version="1.0" encoding="UTF-8"?>
<!-- Generated by org.testng.reporters.JUnitReportReporter -->
<testsuite skipped="0" hostname="smily" name="testNG_Demo.TestGoogleSearchWithTestNG3" tests="2" failures="0" timestamp="18 Jun 2020 08:43:46 GMT" time="16.919" errors="0">
  <testcase name="GoogleSearchTest31" time="8.945" classname="testNG_Demo.TestGoogleSearchWithTestNG3"/>
  <testcase name="GoogleSearchTest32" time="7.974" classname="testNG_Demo.TestGoogleSearchWithTestNG3"/>
</testsuite> <!-- testNG_Demo.TestGoogleSearchWithTestNG3 -->
