<?xml version="1.0" encoding="UTF-8"?>
<!-- Generated by org.testng.reporters.JUnitReportReporter -->
<testsuite skipped="0" hostname="smily" name="tests.TestGoogleSearchWithTestNG3" tests="2" failures="0" timestamp="12 Jun 2020 16:43:18 GMT" time="28.108" errors="0">
  <testcase name="GoogleSearchTest32" time="12.164" classname="tests.TestGoogleSearchWithTestNG3"/>
  <testcase name="GoogleSearchTest31" time="15.944" classname="tests.TestGoogleSearchWithTestNG3"/>
</testsuite> <!-- tests.TestGoogleSearchWithTestNG3 -->
