<?xml version="1.0" encoding="UTF-8"?>
<!-- Generated by org.testng.reporters.JUnitReportReporter -->
<testsuite skipped="0" hostname="smily" name="withTestNG.TestLoginE2E" tests="4" failures="0" timestamp="13 Oct 2020 10:24:36 GMT" time="49.166" errors="0">
  <testcase name="verfyLoginButtonDisplayed" time="13.032" classname="withTestNG.TestLoginE2E"/>
  <testcase name="verfyUserNameTextBoxDisplayed" time="12.592" classname="withTestNG.TestLoginE2E"/>
  <testcase name="verfyPasswordTextBoxDisplayed" time="11.835" classname="withTestNG.TestLoginE2E"/>
  <testcase name="verfyLoginPageDisplayed" time="11.707" classname="withTestNG.TestLoginE2E"/>
</testsuite> <!-- withTestNG.TestLoginE2E -->
