<?xml version="1.0" encoding="UTF-8"?>
<!-- Generated by org.testng.reporters.JUnitReportReporter -->
<testsuite skipped="0" hostname="smily" name="a1_Suits.A_LoginPageE2E_Test" tests="4" failures="0" timestamp="05 Nov 2020 18:11:35 GMT" time="56.764" errors="0">
  <testcase name="verfyLoginButton" time="11.567" classname="a1_Suits.A_LoginPageE2E_Test"/>
  <testcase name="verfyLoginPageDisplayed" time="13.614" classname="a1_Suits.A_LoginPageE2E_Test"/>
  <testcase name="verfyUserNameTextBox" time="12.758" classname="a1_Suits.A_LoginPageE2E_Test"/>
  <testcase name="verfyPasswordTextBox" time="18.825" classname="a1_Suits.A_LoginPageE2E_Test"/>
</testsuite> <!-- a1_Suits.A_LoginPageE2E_Test -->
