<?xml version="1.0" encoding="UTF-8"?>
<!-- Generated by org.testng.reporters.JUnitReportReporter -->
<testsuite skipped="0" hostname="smily" name="tests.InputBoxTest" tests="1" failures="0" timestamp="21 Oct 2020 19:32:18 GMT" time="10.902" errors="0">
  <testcase name="runTest" time="10.902" classname="tests.InputBoxTest"/>
</testsuite> <!-- tests.InputBoxTest -->
