<?xml version="1.0" encoding="UTF-8"?>
<!-- Generated by org.testng.reporters.JUnitReportReporter -->
<testsuite skipped="0" hostname="smily" name="a1_Suits.A_LoginPageE2E_Test" tests="4" failures="0" timestamp="05 Nov 2020 18:02:35 GMT" time="58.125" errors="0">
  <testcase name="verfyPasswordTextBox" time="12.288" classname="a1_Suits.A_LoginPageE2E_Test"/>
  <testcase name="verfyUserNameTextBox" time="18.910" classname="a1_Suits.A_LoginPageE2E_Test"/>
  <testcase name="verfyLoginButton" time="13.666" classname="a1_Suits.A_LoginPageE2E_Test"/>
  <testcase name="verfyLoginPageDisplayed" time="13.261" classname="a1_Suits.A_LoginPageE2E_Test"/>
</testsuite> <!-- a1_Suits.A_LoginPageE2E_Test -->
