<?xml version="1.0" encoding="UTF-8"?>
<!-- Generated by org.testng.reporters.JUnitReportReporter -->
<testsuite skipped="0" hostname="smily" name="withTestNG.TestGoogleSearchWithTestNG2" tests="1" failures="0" timestamp="13 Oct 2020 09:43:51 GMT" time="10.471" errors="0">
  <testcase name="GoogleSearchTest21" time="10.471" classname="withTestNG.TestGoogleSearchWithTestNG2"/>
</testsuite> <!-- withTestNG.TestGoogleSearchWithTestNG2 -->
