<?xml version="1.0" encoding="UTF-8"?>
<!-- Generated by org.testng.reporters.JUnitReportReporter -->
<testsuite skipped="0" hostname="smily" name="a1_Suits.C_LogoutE2E_Test" tests="2" failures="0" timestamp="05 Nov 2020 18:11:35 GMT" time="25.159" errors="0">
  <testcase name="verfyLogoutPageDisplayed" time="9.752" classname="a1_Suits.C_LogoutE2E_Test"/>
  <testcase name="verfyLogoutButton" time="15.407" classname="a1_Suits.C_LogoutE2E_Test"/>
</testsuite> <!-- a1_Suits.C_LogoutE2E_Test -->
