<?xml version="1.0" encoding="UTF-8"?>
<!-- Generated by org.testng.reporters.JUnitReportReporter -->
<testsuite skipped="0" hostname="smily" name="a1_Suits.C_LogoutE2E_Test" tests="2" failures="0" timestamp="05 Nov 2020 10:59:40 GMT" time="21.206" errors="0">
  <testcase name="verfyLogoutPageDisplayed" time="10.816" classname="a1_Suits.C_LogoutE2E_Test"/>
  <testcase name="verfyLogoutButton" time="10.390" classname="a1_Suits.C_LogoutE2E_Test"/>
</testsuite> <!-- a1_Suits.C_LogoutE2E_Test -->
