<?xml version="1.0" encoding="UTF-8"?>
<!-- Generated by org.testng.reporters.JUnitReportReporter -->
<testsuite skipped="0" hostname="smily" name="tests.InputBoxTest" tests="1" failures="0" timestamp="22 Oct 2020 11:03:42 GMT" time="15.129" errors="0">
  <testcase name="runTest" time="15.129" classname="tests.InputBoxTest"/>
</testsuite> <!-- tests.InputBoxTest -->
