<?xml version="1.0" encoding="UTF-8"?>
<!-- Generated by org.testng.reporters.JUnitReportReporter -->
<testsuite skipped="0" hostname="smily" name="tests.TestGoogleSearchWithTestNG" tests="2" failures="0" timestamp="12 Jun 2020 16:43:18 GMT" time="29.502" errors="0">
  <testcase name="GoogleSearchTest" time="17.429" classname="tests.TestGoogleSearchWithTestNG"/>
  <testcase name="GoogleSearchTest12" time="12.073" classname="tests.TestGoogleSearchWithTestNG"/>
</testsuite> <!-- tests.TestGoogleSearchWithTestNG -->
