<?xml version="1.0" encoding="UTF-8"?>
<!-- Generated by org.testng.reporters.JUnitReportReporter -->
<testsuite skipped="0" hostname="smily" name="a1_Suits.A_LoginPageE2E_Test" tests="4" failures="0" timestamp="22 Oct 2020 13:54:04 GMT" time="47.263" errors="0">
  <testcase name="verfyUserNameTextBox" time="12.674" classname="a1_Suits.A_LoginPageE2E_Test"/>
  <testcase name="verfyLoginButton" time="11.137" classname="a1_Suits.A_LoginPageE2E_Test"/>
  <testcase name="verfyLoginPageDisplayed" time="11.109" classname="a1_Suits.A_LoginPageE2E_Test"/>
  <testcase name="verfyPasswordTextBox" time="12.343" classname="a1_Suits.A_LoginPageE2E_Test"/>
</testsuite> <!-- a1_Suits.A_LoginPageE2E_Test -->
