<?xml version="1.0" encoding="UTF-8"?>
<!-- Generated by org.testng.reporters.JUnitReportReporter -->
<testsuite skipped="0" hostname="smily" name="testNG_Demo.TestGoogleSearchWithTestNG2" tests="1" failures="0" timestamp="18 Jun 2020 08:43:46 GMT" time="8.903" errors="0">
  <testcase name="GoogleSearchTest21" time="8.903" classname="testNG_Demo.TestGoogleSearchWithTestNG2"/>
</testsuite> <!-- testNG_Demo.TestGoogleSearchWithTestNG2 -->
