<?xml version="1.0" encoding="UTF-8"?>
<!-- Generated by org.testng.reporters.JUnitReportReporter -->
<testsuite skipped="0" hostname="smily" name="withTestNG.TestGoogleSearchWithTestNG" tests="3" failures="0" timestamp="13 Oct 2020 10:24:36 GMT" time="0.012" errors="0">
  <testcase name="GoogleSearchTest2" time="0.002" classname="withTestNG.TestGoogleSearchWithTestNG"/>
  <testcase name="GoogleSearchTest1" time="0.006" classname="withTestNG.TestGoogleSearchWithTestNG"/>
  <testcase name="GoogleSearchTest3" time="0.004" classname="withTestNG.TestGoogleSearchWithTestNG"/>
</testsuite> <!-- withTestNG.TestGoogleSearchWithTestNG -->
