<?xml version="1.0" encoding="UTF-8"?>
<!-- Generated by org.testng.reporters.JUnitReportReporter -->
<testsuite skipped="0" hostname="smily" name="tests.TestGoogleSearchWithTestNG2" tests="1" failures="0" timestamp="12 Jun 2020 16:43:18 GMT" time="17.481" errors="0">
  <testcase name="GoogleSearchTest21" time="17.481" classname="tests.TestGoogleSearchWithTestNG2"/>
</testsuite> <!-- tests.TestGoogleSearchWithTestNG2 -->
