<?xml version="1.0" encoding="UTF-8"?>
<!-- Generated by org.testng.reporters.JUnitReportReporter -->
<testsuite skipped="0" hostname="smily" name="a1_Suits.C_LogoutE2E_Test" tests="2" failures="0" timestamp="22 Oct 2020 13:54:04 GMT" time="18.526" errors="0">
  <testcase name="verfyLogoutPageDisplayed" time="9.423" classname="a1_Suits.C_LogoutE2E_Test"/>
  <testcase name="verfyLogoutButton" time="9.103" classname="a1_Suits.C_LogoutE2E_Test"/>
</testsuite> <!-- a1_Suits.C_LogoutE2E_Test -->
