<?xml version="1.0" encoding="UTF-8"?>
<!-- Generated by org.testng.reporters.JUnitReportReporter -->
<testsuite skipped="0" hostname="smily" name="tests.RadioCheckBoxTest" tests="1" failures="0" timestamp="22 Oct 2020 11:12:45 GMT" time="1.761" errors="0">
  <testcase name="runTest" time="1.761" classname="tests.RadioCheckBoxTest"/>
</testsuite> <!-- tests.RadioCheckBoxTest -->
