<?xml version="1.0" encoding="UTF-8"?>
<!-- Generated by org.testng.reporters.JUnitReportReporter -->
<testsuite skipped="0" hostname="smily" name="testNG_Demo.TestGoogleSearchWithTestNG" tests="1" failures="0" timestamp="18 Jun 2020 10:40:35 GMT" time="3.486" errors="0">
  <testcase name="GoogleSearchTest" time="3.486" classname="testNG_Demo.TestGoogleSearchWithTestNG"/>
</testsuite> <!-- testNG_Demo.TestGoogleSearchWithTestNG -->
