<?xml version="1.0" encoding="UTF-8"?>
<!-- Generated by org.testng.reporters.JUnitReportReporter -->
<testsuite skipped="0" hostname="smily" name="withTestNG.TestGoogleSearchWithTestNG" tests="3" failures="0" timestamp="21 Oct 2020 18:37:47 GMT" time="0.018" errors="0">
  <testcase name="GoogleSearchTest2" time="0.003" classname="withTestNG.TestGoogleSearchWithTestNG"/>
  <testcase name="GoogleSearchTest1" time="0.007" classname="withTestNG.TestGoogleSearchWithTestNG"/>
  <testcase name="GoogleSearchTest3" time="0.008" classname="withTestNG.TestGoogleSearchWithTestNG"/>
</testsuite> <!-- withTestNG.TestGoogleSearchWithTestNG -->
