<?xml version="1.0" encoding="UTF-8"?>
<!-- Generated by org.testng.reporters.JUnitReportReporter -->
<testsuite skipped="0" hostname="smily" name="withTestNG.TestLoginE2E" tests="4" failures="0" timestamp="21 Oct 2020 18:37:47 GMT" time="62.516" errors="0">
  <testcase name="verfyLoginButtonDisplayed" time="21.296" classname="withTestNG.TestLoginE2E"/>
  <testcase name="verfyUserNameTextBoxDisplayed" time="14.481" classname="withTestNG.TestLoginE2E"/>
  <testcase name="verfyPasswordTextBoxDisplayed" time="11.625" classname="withTestNG.TestLoginE2E"/>
  <testcase name="verfyLoginPageDisplayed" time="15.114" classname="withTestNG.TestLoginE2E"/>
</testsuite> <!-- withTestNG.TestLoginE2E -->
